{
  "RSpec": {
    "coverage": {
      "/home/dev/Videos/real-time-sms-alert/app/models/user.rb": {
        "lines": [
          null,
          null,
          1,
          1,
          null,
          1,
          9,
          null,
          1,
          null,
          1,
          7,
          7,
          null,
          2,
          2,
          null,
          null
        ]
      },
      "/home/dev/Videos/real-time-sms-alert/app/models/application_record.rb": {
        "lines": [
          null,
          null,
          1,
          1,
          null
        ]
      },
      "/home/dev/Videos/real-time-sms-alert/app/helpers/application_helper.rb": {
        "lines": [
          null,
          null,
          1,
          null
        ]
      },
      "/home/dev/Videos/real-time-sms-alert/app/controllers/sms_alerts_controller.rb": {
        "lines": [
          null,
          null,
          1,
          1,
          null,
          1,
          3,
          null,
          null,
          1,
          2,
          null,
          2,
          1,
          null,
          1,
          null,
          null,
          2,
          null,
          null
        ]
      },
      "/home/dev/Videos/real-time-sms-alert/app/controllers/application_controller.rb": {
        "lines": [
          null,
          null,
          1,
          1,
          null,
          1,
          null,
          1,
          0,
          0,
          null,
          null
        ]
      },
      "/home/dev/Videos/real-time-sms-alert/app/services/twilio/real_time_sms_service.rb": {
        "lines": [
          null,
          null,
          1,
          1,
          1,
          null,
          1,
          9,
          9,
          null,
          null,
          1,
          6,
          6,
          6,
          null,
          6,
          null,
          6,
          null,
          null,
          null,
          null,
          4,
          null,
          2,
          null,
          null,
          1,
          null,
          1,
          2,
          null,
          null,
          null
        ]
      },
      "/home/dev/Videos/real-time-sms-alert/app/channels/application_cable/channel.rb": {
        "lines": [
          null,
          null,
          0,
          0,
          0,
          0
        ],
        "branches": {
        }
      },
      "/home/dev/Videos/real-time-sms-alert/app/channels/application_cable/connection.rb": {
        "lines": [
          null,
          null,
          0,
          0,
          0,
          0
        ],
        "branches": {
        }
      },
      "/home/dev/Videos/real-time-sms-alert/app/jobs/application_job.rb": {
        "lines": [
          null,
          null,
          0,
          null,
          null,
          null,
          null,
          null,
          0
        ],
        "branches": {
        }
      },
      "/home/dev/Videos/real-time-sms-alert/app/mailers/application_mailer.rb": {
        "lines": [
          null,
          null,
          0,
          0,
          0,
          0
        ],
        "branches": {
        }
      }
    },
    "timestamp": 1704895909
  }
}
